aurevia_rooms_aplication/android/app/build/intermediates/manifest_merge_blame_file/debug/processDebugMainManifest/manifest-merger-blame-debug-report.txt
1<?xml version="1.0" encoding="utf-8"?>
2<manifest xmlns:android="http://schemas.android.com/apk/res/android"
3    package="com.example.aurevia_rooms_aplication"
4    android:versionCode="1"
5    android:versionName="1.0.0" >
6
7    <uses-sdk
8        android:minSdkVersion="21"
9        android:targetSdkVersion="35" />
10    <!--
11         The INTERNET permission is required for development. Specifically,
12         the Flutter tool needs it to communicate with the running application
13         to allow setting breakpoints, to provide hot reload, etc.
14    -->
15    <uses-permission android:name="android.permission.INTERNET" />
15-->src\main\AndroidManifest.xml:2:5-66
15-->src\main\AndroidManifest.xml:2:22-64
16    <!--
17     Required to query activities that can process text, see:
18         https://developer.android.com/training/package-visibility and
19         https://developer.android.com/reference/android/content/Intent#ACTION_PROCESS_TEXT.
20
21         In particular, this is used by the Flutter engine in io.flutter.plugin.text.ProcessTextPlugin.
22    -->
23    <queries>
23-->src\main\AndroidManifest.xml:46:5-51:15
24        <intent>
24-->src\main\AndroidManifest.xml:47:9-50:18
25            <action android:name="android.intent.action.PROCESS_TEXT" />
25-->src\main\AndroidManifest.xml:48:13-72
25-->src\main\AndroidManifest.xml:48:21-70
26
27            <data android:mimeType="text/plain" />
27-->src\main\AndroidManifest.xml:49:13-50
27-->src\main\AndroidManifest.xml:49:19-48
28        </intent>
29    </queries>
30
31    <uses-permission android:name="android.permission.ACCESS_NETWORK_STATE" />
31-->[:connectivity_plus] AndroidManifest.xml:7:5-79
31-->[:connectivity_plus] AndroidManifest.xml:7:22-76
32
33    <permission
33-->[androidx.core:core:1.13.1] AndroidManifest.xml:22:5-24:47
34        android:name="com.example.aurevia_rooms_aplication.DYNAMIC_RECEIVER_NOT_EXPORTED_PERMISSION"
34-->[androidx.core:core:1.13.1] AndroidManifest.xml:23:9-81
35        android:protectionLevel="signature" />
35-->[androidx.core:core:1.13.1] AndroidManifest.xml:24:9-44
36
37    <uses-permission android:name="com.example.aurevia_rooms_aplication.DYNAMIC_RECEIVER_NOT_EXPORTED_PERMISSION" />
37-->[androidx.core:core:1.13.1] AndroidManifest.xml:26:5-97
37-->[androidx.core:core:1.13.1] AndroidManifest.xml:26:22-94
38
39    <application
40        android:name="android.app.Application"
41        android:appComponentFactory="androidx.core.app.CoreComponentFactory"
41-->[androidx.core:core:1.13.1] AndroidManifest.xml:28:18-86
42        android:debuggable="true"
43        android:extractNativeLibs="true"
44        android:icon="@mipmap/ic_launcher"
45        android:label="aurevia_rooms_aplication" >
46        <activity
47            android:name="com.example.aurevia_rooms_aplication.MainActivity"
48            android:configChanges="orientation|keyboardHidden|keyboard|screenSize|smallestScreenSize|locale|layoutDirection|fontScale|screenLayout|density|uiMode"
49            android:exported="true"
50            android:hardwareAccelerated="true"
51            android:launchMode="singleTop"
52            android:taskAffinity=""
53            android:theme="@style/LaunchTheme"
54            android:windowSoftInputMode="adjustResize" >
55
56            <!--
57                 Specifies an Android theme to apply to this Activity as soon as
58                 the Android process has started. This theme is visible to the user
59                 while the Flutter UI initializes. After that, this theme continues
60                 to determine the Window background behind the Flutter UI.
61            -->
62            <meta-data
63                android:name="io.flutter.embedding.android.NormalTheme"
64                android:resource="@style/NormalTheme" />
65
66            <intent-filter>
67                <action android:name="android.intent.action.MAIN" />
68
69                <category android:name="android.intent.category.LAUNCHER" />
70            </intent-filter>
71        </activity>
72        <!--
73             Don't delete the meta-data below.
74             This is used by the Flutter tool to generate GeneratedPluginRegistrant.java
75        -->
76        <meta-data
77            android:name="flutterEmbedding"
78            android:value="2" />
79        <meta-data
80            android:name="com.google.android.gms.version"
81            android:value="@integer/google_play_services_version" />
82
83        <activity
83-->[:url_launcher_android] AndroidManifest.xml:8:9-11:74
84            android:name="io.flutter.plugins.urllauncher.WebViewActivity"
84-->[:url_launcher_android] AndroidManifest.xml:9:13-74
85            android:exported="false"
85-->[:url_launcher_android] AndroidManifest.xml:10:13-37
86            android:theme="@android:style/Theme.NoTitleBar.Fullscreen" />
86-->[:url_launcher_android] AndroidManifest.xml:11:13-71
87
88        <uses-library
88-->[androidx.window:window:1.2.0] AndroidManifest.xml:23:9-25:40
89            android:name="androidx.window.extensions"
89-->[androidx.window:window:1.2.0] AndroidManifest.xml:24:13-54
90            android:required="false" />
90-->[androidx.window:window:1.2.0] AndroidManifest.xml:25:13-37
91        <uses-library
91-->[androidx.window:window:1.2.0] AndroidManifest.xml:26:9-28:40
92            android:name="androidx.window.sidecar"
92-->[androidx.window:window:1.2.0] AndroidManifest.xml:27:13-51
93            android:required="false" />
93-->[androidx.window:window:1.2.0] AndroidManifest.xml:28:13-37
94
95        <activity
95-->[com.google.android.gms:play-services-auth:21.0.0] AndroidManifest.xml:23:9-27:75
96            android:name="com.google.android.gms.auth.api.signin.internal.SignInHubActivity"
96-->[com.google.android.gms:play-services-auth:21.0.0] AndroidManifest.xml:24:13-93
97            android:excludeFromRecents="true"
97-->[com.google.android.gms:play-services-auth:21.0.0] AndroidManifest.xml:25:13-46
98            android:exported="false"
98-->[com.google.android.gms:play-services-auth:21.0.0] AndroidManifest.xml:26:13-37
99            android:theme="@android:style/Theme.Translucent.NoTitleBar" />
99-->[com.google.android.gms:play-services-auth:21.0.0] AndroidManifest.xml:27:13-72
100        <!--
101            Service handling Google Sign-In user revocation. For apps that do not integrate with
102            Google Sign-In, this service will never be started.
103        -->
104        <service
104-->[com.google.android.gms:play-services-auth:21.0.0] AndroidManifest.xml:33:9-37:51
105            android:name="com.google.android.gms.auth.api.signin.RevocationBoundService"
105-->[com.google.android.gms:play-services-auth:21.0.0] AndroidManifest.xml:34:13-89
106            android:exported="true"
106-->[com.google.android.gms:play-services-auth:21.0.0] AndroidManifest.xml:35:13-36
107            android:permission="com.google.android.gms.auth.api.signin.permission.REVOCATION_NOTIFICATION"
107-->[com.google.android.gms:play-services-auth:21.0.0] AndroidManifest.xml:36:13-107
108            android:visibleToInstantApps="true" />
108-->[com.google.android.gms:play-services-auth:21.0.0] AndroidManifest.xml:37:13-48
109
110        <activity
110-->[com.google.android.gms:play-services-base:18.0.1] AndroidManifest.xml:20:9-22:45
111            android:name="com.google.android.gms.common.api.GoogleApiActivity"
111-->[com.google.android.gms:play-services-base:18.0.1] AndroidManifest.xml:20:19-85
112            android:exported="false"
112-->[com.google.android.gms:play-services-base:18.0.1] AndroidManifest.xml:22:19-43
113            android:theme="@android:style/Theme.Translucent.NoTitleBar" />
113-->[com.google.android.gms:play-services-base:18.0.1] AndroidManifest.xml:21:19-78
114
115        <provider
115-->[androidx.lifecycle:lifecycle-process:2.7.0] AndroidManifest.xml:24:9-32:20
116            android:name="androidx.startup.InitializationProvider"
116-->[androidx.lifecycle:lifecycle-process:2.7.0] AndroidManifest.xml:25:13-67
117            android:authorities="com.example.aurevia_rooms_aplication.androidx-startup"
117-->[androidx.lifecycle:lifecycle-process:2.7.0] AndroidManifest.xml:26:13-68
118            android:exported="false" >
118-->[androidx.lifecycle:lifecycle-process:2.7.0] AndroidManifest.xml:27:13-37
119            <meta-data
119-->[androidx.lifecycle:lifecycle-process:2.7.0] AndroidManifest.xml:29:13-31:52
120                android:name="androidx.lifecycle.ProcessLifecycleInitializer"
120-->[androidx.lifecycle:lifecycle-process:2.7.0] AndroidManifest.xml:30:17-78
121                android:value="androidx.startup" />
121-->[androidx.lifecycle:lifecycle-process:2.7.0] AndroidManifest.xml:31:17-49
122            <meta-data
122-->[androidx.profileinstaller:profileinstaller:1.3.1] AndroidManifest.xml:29:13-31:52
123                android:name="androidx.profileinstaller.ProfileInstallerInitializer"
123-->[androidx.profileinstaller:profileinstaller:1.3.1] AndroidManifest.xml:30:17-85
124                android:value="androidx.startup" />
124-->[androidx.profileinstaller:profileinstaller:1.3.1] AndroidManifest.xml:31:17-49
125        </provider>
126
127        <receiver
127-->[androidx.profileinstaller:profileinstaller:1.3.1] AndroidManifest.xml:34:9-52:20
128            android:name="androidx.profileinstaller.ProfileInstallReceiver"
128-->[androidx.profileinstaller:profileinstaller:1.3.1] AndroidManifest.xml:35:13-76
129            android:directBootAware="false"
129-->[androidx.profileinstaller:profileinstaller:1.3.1] AndroidManifest.xml:36:13-44
130            android:enabled="true"
130-->[androidx.profileinstaller:profileinstaller:1.3.1] AndroidManifest.xml:37:13-35
131            android:exported="true"
131-->[androidx.profileinstaller:profileinstaller:1.3.1] AndroidManifest.xml:38:13-36
132            android:permission="android.permission.DUMP" >
132-->[androidx.profileinstaller:profileinstaller:1.3.1] AndroidManifest.xml:39:13-57
133            <intent-filter>
133-->[androidx.profileinstaller:profileinstaller:1.3.1] AndroidManifest.xml:40:13-42:29
134                <action android:name="androidx.profileinstaller.action.INSTALL_PROFILE" />
134-->[androidx.profileinstaller:profileinstaller:1.3.1] AndroidManifest.xml:41:17-91
134-->[androidx.profileinstaller:profileinstaller:1.3.1] AndroidManifest.xml:41:25-88
135            </intent-filter>
136            <intent-filter>
136-->[androidx.profileinstaller:profileinstaller:1.3.1] AndroidManifest.xml:43:13-45:29
137                <action android:name="androidx.profileinstaller.action.SKIP_FILE" />
137-->[androidx.profileinstaller:profileinstaller:1.3.1] AndroidManifest.xml:44:17-85
137-->[androidx.profileinstaller:profileinstaller:1.3.1] AndroidManifest.xml:44:25-82
138            </intent-filter>
139            <intent-filter>
139-->[androidx.profileinstaller:profileinstaller:1.3.1] AndroidManifest.xml:46:13-48:29
140                <action android:name="androidx.profileinstaller.action.SAVE_PROFILE" />
140-->[androidx.profileinstaller:profileinstaller:1.3.1] AndroidManifest.xml:47:17-88
140-->[androidx.profileinstaller:profileinstaller:1.3.1] AndroidManifest.xml:47:25-85
141            </intent-filter>
142            <intent-filter>
142-->[androidx.profileinstaller:profileinstaller:1.3.1] AndroidManifest.xml:49:13-51:29
143                <action android:name="androidx.profileinstaller.action.BENCHMARK_OPERATION" />
143-->[androidx.profileinstaller:profileinstaller:1.3.1] AndroidManifest.xml:50:17-95
143-->[androidx.profileinstaller:profileinstaller:1.3.1] AndroidManifest.xml:50:25-92
144            </intent-filter>
145        </receiver>
146    </application>
147
148</manifest>